GET / HTTP/1.1
0:0:0:0:0:0:0:1
Date: Mon, 23 Mar 2020 15:45:38 GMT
Status code: 403 Access Forbidden

GET / HTTP/1.1
0:0:0:0:0:0:0:1
Date: Mon, 23 Mar 2020 15:45:44 GMT
Status code: 403 Access Forbidden

GET / HTTP/1.1
0:0:0:0:0:0:0:1
Date: Mon, 23 Mar 2020 15:45:45 GMT
Status code: 403 Access Forbidden

GET / HTTP/1
127.0.0.1
Date: Mon, 23 Mar 2020 15:46:06 GMT
Status code: 403 Access Forbidden

GET / HTTP/
127.0.0.1
Date: Mon, 23 Mar 2020 15:49:00 GMT
Status code: 404 Not Found

GET / HTTP/
127.0.0.1
Date: Mon, 23 Mar 2020 15:51:33 GMT
Status code: 404 Not Found

GET / HTTP/1.1
0:0:0:0:0:0:0:1
Date: Mon, 23 Mar 2020 15:51:44 GMT
Status code: 404 Not Found

GET / HTTP/1.1
0:0:0:0:0:0:0:1
Date: Mon, 23 Mar 2020 15:57:09 GMT
Status code: 404 Not Found

GET / HTTP/1.1
0:0:0:0:0:0:0:1
Date: Mon, 23 Mar 2020 15:59:44 GMT
Status code: 404 Not Found

GET / HTTP/1.1
0:0:0:0:0:0:0:1
Date: Mon, 23 Mar 2020 16:16:01 GMT
Status code: 404 Not Found

GET / HTTP/1.1
0:0:0:0:0:0:0:1
Date: Mon, 23 Mar 2020 16:19:20 GMT
Status code: 404 Not Found

GET / HTTP/1.1
0:0:0:0:0:0:0:1
Date: Mon, 23 Mar 2020 16:20:19 GMT
Status code: 404 Not Found

GET / HTTP/1.1
0:0:0:0:0:0:0:1
Date: Mon, 23 Mar 2020 16:25:18 GMT
Status code: 404 Not Found

GET / HTTP/1.1
0:0:0:0:0:0:0:1
Date: Mon, 23 Mar 2020 16:25:18 GMT
Status code: 404 Not Found

GET / HTTP/1.1
0:0:0:0:0:0:0:1
Date: Mon, 23 Mar 2020 16:25:18 GMT
Status code: 404 Not Found

GET / HTTP/1.1
0:0:0:0:0:0:0:1
Date: Mon, 23 Mar 2020 16:25:18 GMT
Status code: 404 Not Found

GET / HTTP/1.1
0:0:0:0:0:0:0:1
Date: Mon, 23 Mar 2020 16:25:18 GMT
Status code: 404 Not Found

GET / HTTP/1.1
0:0:0:0:0:0:0:1
Date: Mon, 23 Mar 2020 16:25:18 GMT
Status code: 404 Not Found

GET / HTTP/1.1
0:0:0:0:0:0:0:1
Date: Mon, 23 Mar 2020 16:25:18 GMT
Status code: 404 Not Found

GET / HTTP/1.1
0:0:0:0:0:0:0:1
Date: Mon, 23 Mar 2020 16:25:18 GMT
Status code: 404 Not Found

GET / HTTP/1.1
0:0:0:0:0:0:0:1
Date: Mon, 23 Mar 2020 16:25:18 GMT
Status code: 404 Not Found

GET / HTTP/1.1
0:0:0:0:0:0:0:1
Date: Mon, 23 Mar 2020 16:25:18 GMT
Status code: 404 Not Found

GET / HTTP/1.1
0:0:0:0:0:0:0:1
Date: Mon, 23 Mar 2020 16:25:29 GMT
Status code: 404 Not Found

GET / HTTP/1.1
0:0:0:0:0:0:0:1
Date: Mon, 23 Mar 2020 16:25:29 GMT
Status code: 404 Not Found

GET / HTTP/1.1
0:0:0:0:0:0:0:1
Date: Mon, 23 Mar 2020 16:25:29 GMT
Status code: 404 Not Found

GET / HTTP/1.1
0:0:0:0:0:0:0:1
Date: Mon, 23 Mar 2020 16:25:29 GMT
Status code: 404 Not Found

GET / HTTP/1.1
0:0:0:0:0:0:0:1
Date: Mon, 23 Mar 2020 16:25:29 GMT
Status code: 404 Not Found

GET / HTTP/1.1
0:0:0:0:0:0:0:1
Date: Mon, 23 Mar 2020 16:25:29 GMT
Status code: 404 Not Found

GET / HTTP/1.1
0:0:0:0:0:0:0:1
Date: Mon, 23 Mar 2020 16:25:29 GMT
Status code: 404 Not Found

GET / HTTP/1.1
0:0:0:0:0:0:0:1
Date: Mon, 23 Mar 2020 16:25:29 GMT
Status code: 404 Not Found

GET / HTTP/1.1
0:0:0:0:0:0:0:1
Date: Mon, 23 Mar 2020 16:25:29 GMT
Status code: 404 Not Found

GET / HTTP/1.1
0:0:0:0:0:0:0:1
Date: Mon, 23 Mar 2020 16:25:29 GMT
Status code: 404 Not Found

GET / HTTP/1.1
0:0:0:0:0:0:0:1
Date: Mon, 23 Mar 2020 16:25:41 GMT
Status code: 404 Not Found

GET / HTTP/1.1
0:0:0:0:0:0:0:1
Date: Mon, 23 Mar 2020 16:25:41 GMT
Status code: 404 Not Found

GET / HTTP/1.1
0:0:0:0:0:0:0:1
Date: Mon, 23 Mar 2020 16:25:41 GMT
Status code: 404 Not Found

GET / HTTP/1.1
0:0:0:0:0:0:0:1
Date: Mon, 23 Mar 2020 16:25:41 GMT
Status code: 404 Not Found

GET / HTTP/1.1
0:0:0:0:0:0:0:1
Date: Mon, 23 Mar 2020 16:25:41 GMT
Status code: 404 Not Found

GET / HTTP/1.1
0:0:0:0:0:0:0:1
Date: Mon, 23 Mar 2020 16:25:41 GMT
Status code: 404 Not Found

GET / HTTP/1.1
0:0:0:0:0:0:0:1
Date: Mon, 23 Mar 2020 16:25:41 GMT
Status code: 404 Not Found

GET / HTTP/1.1
0:0:0:0:0:0:0:1
Date: Mon, 23 Mar 2020 16:25:41 GMT
Status code: 404 Not Found

GET / HTTP/1.1
0:0:0:0:0:0:0:1
Date: Mon, 23 Mar 2020 16:25:41 GMT
Status code: 404 Not Found

GET / HTTP/1.1
0:0:0:0:0:0:0:1
Date: Mon, 23 Mar 2020 16:25:41 GMT
Status code: 404 Not Found

GET / HTTP/1.1
0:0:0:0:0:0:0:1
Date: Mon, 23 Mar 2020 16:26:23 GMT
Status code: 404 Not Found

GET / HTTP/1.1
0:0:0:0:0:0:0:1
Date: Mon, 23 Mar 2020 16:26:23 GMT
Status code: 404 Not Found

GET / HTTP/1.1
0:0:0:0:0:0:0:1
Date: Mon, 23 Mar 2020 16:26:23 GMT
Status code: 404 Not Found

GET / HTTP/1.1
0:0:0:0:0:0:0:1
Date: Mon, 23 Mar 2020 16:26:23 GMT
Status code: 404 Not Found

GET / HTTP/1.1
0:0:0:0:0:0:0:1
Date: Mon, 23 Mar 2020 16:26:23 GMT
Status code: 404 Not Found

GET / HTTP/1.1
0:0:0:0:0:0:0:1
Date: Mon, 23 Mar 2020 16:26:23 GMT
Status code: 404 Not Found

GET / HTTP/1.1
0:0:0:0:0:0:0:1
Date: Mon, 23 Mar 2020 16:26:23 GMT
Status code: 404 Not Found

GET / HTTP/1.1
0:0:0:0:0:0:0:1
Date: Mon, 23 Mar 2020 16:26:23 GMT
Status code: 404 Not Found

GET / HTTP/1.1
0:0:0:0:0:0:0:1
Date: Mon, 23 Mar 2020 16:26:24 GMT
Status code: 404 Not Found

GET / HTTP/1.1
0:0:0:0:0:0:0:1
Date: Mon, 23 Mar 2020 16:26:24 GMT
Status code: 404 Not Found

GET /images/ HTTP/1.1
0:0:0:0:0:0:0:1
Date: Mon, 23 Mar 2020 16:26:28 GMT
Status code: 404 Not Found

GET /images/ HTTP/1.1
0:0:0:0:0:0:0:1
Date: Mon, 23 Mar 2020 16:26:28 GMT
Status code: 404 Not Found

GET /images/ HTTP/1.1
0:0:0:0:0:0:0:1
Date: Mon, 23 Mar 2020 16:26:28 GMT
Status code: 404 Not Found

GET /images/ HTTP/1.1
0:0:0:0:0:0:0:1
Date: Mon, 23 Mar 2020 16:26:28 GMT
Status code: 404 Not Found

GET /images/ HTTP/1.1
0:0:0:0:0:0:0:1
Date: Mon, 23 Mar 2020 16:26:28 GMT
Status code: 404 Not Found

GET /images/ HTTP/1.1
0:0:0:0:0:0:0:1
Date: Mon, 23 Mar 2020 16:26:28 GMT
Status code: 404 Not Found

GET /images/ HTTP/1.1
0:0:0:0:0:0:0:1
Date: Mon, 23 Mar 2020 16:26:28 GMT
Status code: 404 Not Found

GET /images/ HTTP/1.1
0:0:0:0:0:0:0:1
Date: Mon, 23 Mar 2020 16:26:28 GMT
Status code: 404 Not Found

GET /images/ HTTP/1.1
0:0:0:0:0:0:0:1
Date: Mon, 23 Mar 2020 16:26:28 GMT
Status code: 404 Not Found

GET /images/ HTTP/1.1
0:0:0:0:0:0:0:1
Date: Mon, 23 Mar 2020 16:26:28 GMT
Status code: 404 Not Found

GET /images/ HTTP/1.1
0:0:0:0:0:0:0:1
Date: Mon, 23 Mar 2020 16:26:36 GMT
Status code: 404 Not Found

GET /images/ HTTP/1.1
0:0:0:0:0:0:0:1
Date: Mon, 23 Mar 2020 16:26:36 GMT
Status code: 404 Not Found

GET /images/ HTTP/1.1
0:0:0:0:0:0:0:1
Date: Mon, 23 Mar 2020 16:26:36 GMT
Status code: 404 Not Found

GET /images/ HTTP/1.1
0:0:0:0:0:0:0:1
Date: Mon, 23 Mar 2020 16:26:36 GMT
Status code: 404 Not Found

GET /images/ HTTP/1.1
0:0:0:0:0:0:0:1
Date: Mon, 23 Mar 2020 16:26:36 GMT
Status code: 404 Not Found

GET /images/ HTTP/1.1
0:0:0:0:0:0:0:1
Date: Mon, 23 Mar 2020 16:26:36 GMT
Status code: 404 Not Found

GET /images/ HTTP/1.1
0:0:0:0:0:0:0:1
Date: Mon, 23 Mar 2020 16:26:36 GMT
Status code: 404 Not Found

GET /images/ HTTP/1.1
0:0:0:0:0:0:0:1
Date: Mon, 23 Mar 2020 16:26:36 GMT
Status code: 404 Not Found

GET /images/ HTTP/1.1
0:0:0:0:0:0:0:1
Date: Mon, 23 Mar 2020 16:26:36 GMT
Status code: 404 Not Found

GET /images/ HTTP/1.1
0:0:0:0:0:0:0:1
Date: Mon, 23 Mar 2020 16:26:36 GMT
Status code: 404 Not Found

GET / HTTP/1.1
0:0:0:0:0:0:0:1
Date: Mon, 23 Mar 2020 16:27:45 GMT
Status code: 404 Not Found

GET / HTTP/1.1
0:0:0:0:0:0:0:1
Date: Mon, 23 Mar 2020 16:28:21 GMT
Status code: 404 Not Found

GET / HTTP/1.1
0:0:0:0:0:0:0:1
Date: Mon, 23 Mar 2020 16:28:48 GMT
Status code: 404 Not Found

GET / HTTP/1.1
0:0:0:0:0:0:0:1
Date: Mon, 23 Mar 2020 16:28:49 GMT
Status code: 404 Not Found

